Arguments: 
  /home/joaovitor/.nvm/versions/node/v16.9.1/bin/node /usr/local/bin/yarn install

PATH: 
  /home/joaovitor/.nvm/versions/node/v16.9.1/bin:/usr/local/sbin:/usr/local/bin:/usr/sbin:/usr/bin:/sbin:/bin:/usr/games:/usr/local/games:/snap/bin

Yarn version: 
  1.22.11

Node version: 
  16.9.1

Platform: 
  linux x64

Trace: 
  Error: getaddrinfo ENOTFOUND atf.intranet.bb.com.br
      at GetAddrInfoReqWrap.onlookup [as oncomplete] (node:dns:71:26)

npm manifest: 
  {
    "name": "lojainteligente-adm",
    "private": true,
    "scripts": {
      "start": "MONGO_URL='mongodb://staging:Mmoveis768Staging@4b9d5596-187a-4cac-bff1-8864513be956-0.8f7bfd8f3faa4218aec56e069eb46187.databases.appdomain.cloud:30941,4b9d5596-187a-4cac-bff1-8864513be956-1.8f7bfd8f3faa4218aec56e069eb46187.databases.appdomain.cloud:30941/staging?authSource=staging&replicaSet=replset&ssl=true' meteor run --port 3000",
      "staging": "cd deploy/staging && mup deploy",
      "production": "cd deploy/production && mup deploy",
      "local": "meteor run --port 3000"
    },
    "dependencies": {
      "angular": "^1.6.6",
      "babel-runtime": "^6.26.0",
      "bcrypt": "^3.0.8",
      "highcharts": "^8.2.2",
      "http": "0.0.0",
      "lodash": "^4.17.20",
      "meteor": "^2.4.1",
      "meteor-node-stubs": "~0.2.4",
      "moment": "^2.29.1",
      "mup": "^1.5.3",
      "ng-infinite-scroll": "^1.3.0"
    }
  }

yarn manifest: 
  No manifest

Lockfile: 
  No lockfile
